<?xml version="1.0" encoding="UTF-8"?>
<testng-results skipped="0" failed="1" ignored="0" total="1" passed="0">
  <reporter-output>
  </reporter-output>
  <suite name="Suite" duration-ms="22537" started-at="2021-05-17T15:03:57Z" finished-at="2021-05-17T15:04:19Z">
    <groups>
      <group name="cucumber">
        <method signature="APIRunner.feature(cucumber.api.testng.CucumberFeatureWrapper)[pri:0, instance:com.sus.api.scm.runner.APIRunner@724af044]" name="feature" class="com.sus.api.scm.runner.APIRunner"/>
      </group> <!-- cucumber -->
    </groups>
    <test name="Test" duration-ms="22537" started-at="2021-05-17T15:03:57Z" finished-at="2021-05-17T15:04:19Z">
      <class name="com.sus.api.scm.runner.APIRunner">
        <test-method status="PASS" signature="setUpClass()[pri:0, instance:com.sus.api.scm.runner.APIRunner@724af044]" name="setUpClass" is-config="true" duration-ms="590" started-at="2021-05-17T15:03:57Z" finished-at="2021-05-17T15:03:57Z">
          <reporter-output>
          </reporter-output>
        </test-method> <!-- setUpClass -->
        <test-method status="FAIL" signature="feature(cucumber.api.testng.CucumberFeatureWrapper)[pri:0, instance:com.sus.api.scm.runner.APIRunner@724af044]" name="feature" duration-ms="21604" started-at="2021-05-17T15:03:57Z" description="Runs Cucumber Feature" data-provider="features" finished-at="2021-05-17T15:04:19Z">
          <params>
            <param index="0">
              <value>
                <![CDATA[Validating Create Connect Me program type from 10S SCM API]]>
              </value>
            </param>
          </params>
          <exception class="cucumber.runtime.CucumberException">
            <message>
              <![CDATA[org.junit.ComparisonFailure: expected:<[401]> but was:<[200]>]]>
            </message>
            <full-stacktrace>
              <![CDATA[cucumber.runtime.CucumberException: org.junit.ComparisonFailure: expected:<[401]> but was:<[200]>
at cucumber.api.testng.TestNGCucumberRunner.runCucumber(TestNGCucumberRunner.java:69)
at com.sus.api.scm.runner.APIRunner.feature(APIRunner.java:25)
at sun.reflect.NativeMethodAccessorImpl.invoke0(Native Method)
at sun.reflect.NativeMethodAccessorImpl.invoke(NativeMethodAccessorImpl.java:62)
at sun.reflect.DelegatingMethodAccessorImpl.invoke(DelegatingMethodAccessorImpl.java:43)
at java.lang.reflect.Method.invoke(Method.java:498)
at org.testng.internal.MethodInvocationHelper.invokeMethod(MethodInvocationHelper.java:124)
at org.testng.internal.Invoker.invokeMethod(Invoker.java:583)
at org.testng.internal.Invoker.invokeTestMethod(Invoker.java:719)
at org.testng.internal.Invoker.invokeTestMethods(Invoker.java:989)
at org.testng.internal.TestMethodWorker.invokeTestMethods(TestMethodWorker.java:125)
at org.testng.internal.TestMethodWorker.run(TestMethodWorker.java:109)
at org.testng.TestRunner.privateRun(TestRunner.java:648)
at org.testng.TestRunner.run(TestRunner.java:505)
at org.testng.SuiteRunner.runTest(SuiteRunner.java:455)
at org.testng.SuiteRunner.runSequentially(SuiteRunner.java:450)
at org.testng.SuiteRunner.privateRun(SuiteRunner.java:415)
at org.testng.SuiteRunner.run(SuiteRunner.java:364)
at org.testng.SuiteRunnerWorker.runSuite(SuiteRunnerWorker.java:52)
at org.testng.SuiteRunnerWorker.run(SuiteRunnerWorker.java:84)
at org.testng.TestNG.runSuitesSequentially(TestNG.java:1208)
at org.testng.TestNG.runSuitesLocally(TestNG.java:1137)
at org.testng.TestNG.runSuites(TestNG.java:1049)
at org.testng.TestNG.run(TestNG.java:1017)
at org.apache.maven.surefire.testng.TestNGExecutor.run(TestNGExecutor.java:283)
at org.apache.maven.surefire.testng.TestNGXmlTestSuite.execute(TestNGXmlTestSuite.java:75)
at org.apache.maven.surefire.testng.TestNGProvider.invoke(TestNGProvider.java:120)
at org.apache.maven.surefire.booter.ForkedBooter.invokeProviderInSameClassLoader(ForkedBooter.java:379)
at org.apache.maven.surefire.booter.ForkedBooter.runSuitesInProcess(ForkedBooter.java:340)
at org.apache.maven.surefire.booter.ForkedBooter.execute(ForkedBooter.java:125)
at org.apache.maven.surefire.booter.ForkedBooter.main(ForkedBooter.java:413)
Caused by: org.junit.ComparisonFailure: expected:<[401]> but was:<[200]>
at org.junit.Assert.assertEquals(Assert.java:125)
at org.junit.Assert.assertEquals(Assert.java:147)
at stepDefinations.ConnectMe.StepDefinationConnectMeApi.user_validate_API_call_got_success_with_status_code(StepDefinationConnectMeApi.java:58)
at ✽.And user validate API call got success  with status  code "200"(ConnectMe/CreateProgramAPI.feature:8)
]]>
            </full-stacktrace>
          </exception> <!-- cucumber.runtime.CucumberException -->
          <reporter-output>
          </reporter-output>
        </test-method> <!-- feature -->
        <test-method status="PASS" signature="tearDownClass()[pri:0, instance:com.sus.api.scm.runner.APIRunner@724af044]" name="tearDownClass" is-config="true" duration-ms="52" started-at="2021-05-17T15:04:19Z" finished-at="2021-05-17T15:04:19Z">
          <reporter-output>
          </reporter-output>
        </test-method> <!-- tearDownClass -->
      </class> <!-- com.sus.api.scm.runner.APIRunner -->
    </test> <!-- Test -->
  </suite> <!-- Suite -->
</testng-results>
