<?xml version="1.0" encoding="UTF-8"?>
<testsuite xmlns:xsi="http://www.w3.org/2001/XMLSchema-instance" xsi:noNamespaceSchemaLocation="https://maven.apache.org/surefire/maven-surefire-plugin/xsd/surefire-test-report.xsd" name="TestSuite" time="23.896" tests="1" errors="0" skipped="0" failures="1">
  <properties>
[...]
</properties>
  <testcase name="feature" classname="com.sus.api.scm.runner.APIRunner" time="22.198">
    <failure message="org.junit.ComparisonFailure: expected:&lt;[401]&gt; but was:&lt;[200]&gt;" type="cucumber.runtime.CucumberException"><![CDATA[cucumber.runtime.CucumberException: org.junit.ComparisonFailure: expected:<[401]> but was:<[200]>
	at com.sus.api.scm.runner.APIRunner.feature(APIRunner.java:25)
Caused by: org.junit.ComparisonFailure: expected:<[401]> but was:<[200]>
]]></failure>
    <system-out><![CDATA[#@Ignore
Feature: Validating Create Connect Me program type from 10S SCM API

  @ConnectMe @Sanity
  Scenario Outline: User validate Create connect Me after successfully getting Login token        &amp#27;[90m# ConnectMe/CreateProgramAPI.feature:5&amp#27;[0m
    &amp#27;[36mGiven &amp#27;[0m&amp#27;[36mUser enters Valid LoginID "<UserName>" and "<PassWord>" and get the get the Login Token&amp#27;[0m
    &amp#27;[36mWhen &amp#27;[0m&amp#27;[36mUser enters details for Connect me "SetConnectMeRequest" and "POST" the request for API&amp#27;[0m
    &amp#27;[36mAnd &amp#27;[0m&amp#27;[36muser validate API call got success  with status  code "<StatusCode>"&amp#27;[0m

    Examples: 
Request method:	POST
Request URI:	https://qa.smartcmobile.net/SCM_10.0_S-API/UserLogin/GetId
Proxy:			<none>
Request params:	<none>
Query params:	<none>
Form params:	<none>
Path params:	<none>
Headers:		Accept=*/*
				Content-Type=application/json; charset=UTF-8
Cookies:		<none>
Multiparts:		<none>
Body:			<none>
Basic bnVsbDpudWxs
/SCM_10.0_S-API/ContactUs/SetConnectMeRequest
Request method:	POST
Request URI:	https://qa.smartcmobile.net/SCM_10.0_S-API/ContactUs/SetConnectMeRequest
Proxy:			<none>
Request params:	<none>
Query params:	<none>
Form params:	<none>
Path params:	<none>
Headers:		Authorization=Basic bnVsbDpudWxs
				SourceType=1
				Accept=*/*
				Content-Type=application/json; charset=UTF-8
Cookies:		<none>
Multiparts:		<none>
Body:
{
    "Reason": "Programs",
    "Subject": "Enroll Program Auto",
    "AccountNumber": "6473",
    "MessageBody": "Connect me Request for programs",
    "Latitude": "",
    "Longitude": "",
    "TopicId": "47",
    "CustomerName": "Nikhil Jain",
    "UserSignature": "",
    "PromotionId": 0,
    "IsDrMode": 0,
    "AttachmentName": null,
    "IsPreLogin": false,
    "UtilityAccountNumber": "411002248606",
    "FromEMail": "Nikhil.Jain@smartenergywater.in",
    "LanguageCode": "EN",
    "Offset": 330,
    "ResponseXML": "<TemplateResponse><Template><TemplateTypeID> 255</TemplateTypeID><IsParent>1</IsParent><ResponseDetail><Response><TCollectionID>1100</TCollectionID><TCollectionValue>ProgramAttachment_2021022007555143a5aff0f8a44baf8e4bab954228d2a8.png</TCollectionValue></Response><Response><TCollectionID>1096</TCollectionID><TCollectionValue>Nikhil%20Jain</TCollectionValue></Response><Response><TCollectionID>2588</TCollectionID><TCollectionValue>411002248606</TCollectionValue></Response><Response><TCollectionID>2589</TCollectionID><TCollectionValue>Nikhil.Jain%40smartenergywater.in</TCollectionValue></Response><Response><TCollectionID>1099</TCollectionID><TCollectionValue>Enroll%20Program%20Auto</TCollectionValue></Response><Response><TCollectionID>1101</TCollectionID><TCollectionValue>Connect%20me%20Request%20for%20programs</TCollectionValue></Response></ResponseDetail></Template></TemplateResponse>",
    "TemplateTypeId": "261",
    "AttachmentXML": null,
    "UserID": "3301",
    "IsBillingQuery": 0,
    "IsUpdate": false,
    "SaveId": null,
    "isEmailFromControl": false
}

  @Sanity @ConnectMe
  Scenario Outline: User validate Create connect Me after successfully getting Login token           &amp#27;[90m# ConnectMe/CreateProgramAPI.feature:12&amp#27;[0m
    &amp#27;[32mGiven &amp#27;[0m&amp#27;[32mUser enters Valid LoginID "&amp#27;[0m&amp#27;[32m&amp#27;[1mAutoUser17371&amp#27;[0m&amp#27;[32m" and "&amp#27;[0m&amp#27;[32m&amp#27;[1mDemo@12345&amp#27;[0m&amp#27;[32m" and get the get the Login Token&amp#27;[0m &amp#27;[90m# StepDefinationLoginApi.user_enters_Valid_LoginID_and_and_get_the_get_the_Login_Token(String,String)&amp#27;[0m
    &amp#27;[32mWhen &amp#27;[0m&amp#27;[32mUser enters details for Connect me "&amp#27;[0m&amp#27;[32m&amp#27;[1mSetConnectMeRequest&amp#27;[0m&amp#27;[32m" and "&amp#27;[0m&amp#27;[32m&amp#27;[1mPOST&amp#27;[0m&amp#27;[32m" the request for API&amp#27;[0m     &amp#27;[90m# StepDefinationConnectMeApi.user_enters_details_for_Connect_me_and_the_request_for_API(String,String)&amp#27;[0m
    &amp#27;[31mAnd &amp#27;[0m&amp#27;[31muser validate API call got success  with status  code "&amp#27;[0m&amp#27;[31m&amp#27;[1m200&amp#27;[0m&amp#27;[31m"&amp#27;[0m                                  &amp#27;[90m# StepDefinationConnectMeApi.user_validate_API_call_got_success_with_status_code(String)&amp#27;[0m
      &amp#27;[31morg.junit.ComparisonFailure: expected:<[401]> but was:<[200]>
      	at org.junit.Assert.assertEquals(Assert.java:125)
      	at org.junit.Assert.assertEquals(Assert.java:147)
      	at stepDefinations.ConnectMe.StepDefinationConnectMeApi.user_validate_API_call_got_success_with_status_code(StepDefinationConnectMeApi.java:58)
      	at ?.And user validate API call got success  with status  code "200"(ConnectMe/CreateProgramAPI.feature:8)
      &amp#27;[0m
]]></system-out>
    <system-err><![CDATA[com.microsoft.sqlserver.jdbc.SQLServerException: The TCP/IP connection to the host 10.0.4.7, port 1433 has failed. Error: "Connection timed out: no further information. Verify the connection properties. Make sure that an instance of SQL Server is running on the host and accepting TCP/IP connections at the port. Make sure that TCP connections to the port are not blocked by a firewall.".
	at com.microsoft.sqlserver.jdbc.SQLServerException.makeFromDriverError(SQLServerException.java:206)
	at com.microsoft.sqlserver.jdbc.SQLServerException.ConvertConnectExceptionToSQLServerException(SQLServerException.java:257)
	at com.microsoft.sqlserver.jdbc.SocketFinder.findSocket(IOBuffer.java:2385)
	at com.microsoft.sqlserver.jdbc.TDSChannel.open(IOBuffer.java:567)
	at com.microsoft.sqlserver.jdbc.SQLServerConnection.connectHelper(SQLServerConnection.java:1955)
	at com.microsoft.sqlserver.jdbc.SQLServerConnection.login(SQLServerConnection.java:1616)
	at com.microsoft.sqlserver.jdbc.SQLServerConnection.connectInternal(SQLServerConnection.java:1447)
	at com.microsoft.sqlserver.jdbc.SQLServerConnection.connect(SQLServerConnection.java:788)
	at com.microsoft.sqlserver.jdbc.SQLServerDriver.connect(SQLServerDriver.java:1187)
	at java.sql.DriverManager.getConnection(DriverManager.java:664)
	at java.sql.DriverManager.getConnection(DriverManager.java:270)
	at com.sus.api.scm.utils.DataBaseUtil.getResultSet(DataBaseUtil.java:226)
	at com.sus.api.scm.utils.LoginUtils.getUserIdSessionTokenValidateUserLogin(LoginUtils.java:42)
	at stepDefinations.Login.StepDefinationLoginApi.user_enters_Valid_LoginID_and_and_get_the_get_the_Login_Token(StepDefinationLoginApi.java:75)
	at sun.reflect.NativeMethodAccessorImpl.invoke0(Native Method)
	at sun.reflect.NativeMethodAccessorImpl.invoke(NativeMethodAccessorImpl.java:62)
	at sun.reflect.DelegatingMethodAccessorImpl.invoke(DelegatingMethodAccessorImpl.java:43)
	at java.lang.reflect.Method.invoke(Method.java:498)
	at cucumber.runtime.Utils$1.call(Utils.java:40)
	at cucumber.runtime.Timeout.timeout(Timeout.java:16)
	at cucumber.runtime.Utils.invoke(Utils.java:34)
	at cucumber.runtime.java.JavaStepDefinition.execute(JavaStepDefinition.java:38)
	at cucumber.runtime.StepDefinitionMatch.runStep(StepDefinitionMatch.java:37)
	at cucumber.runtime.Runtime.runStep(Runtime.java:300)
	at cucumber.runtime.model.StepContainer.runStep(StepContainer.java:44)
	at cucumber.runtime.model.StepContainer.runSteps(StepContainer.java:39)
	at cucumber.runtime.model.CucumberScenario.run(CucumberScenario.java:44)
	at cucumber.runtime.model.CucumberScenarioOutline.run(CucumberScenarioOutline.java:46)
	at cucumber.runtime.model.CucumberFeature.run(CucumberFeature.java:165)
	at cucumber.api.testng.TestNGCucumberRunner.runCucumber(TestNGCucumberRunner.java:63)
	at com.sus.api.scm.runner.APIRunner.feature(APIRunner.java:25)
	at sun.reflect.NativeMethodAccessorImpl.invoke0(Native Method)
	at sun.reflect.NativeMethodAccessorImpl.invoke(NativeMethodAccessorImpl.java:62)
	at sun.reflect.DelegatingMethodAccessorImpl.invoke(DelegatingMethodAccessorImpl.java:43)
	at java.lang.reflect.Method.invoke(Method.java:498)
	at org.testng.internal.MethodInvocationHelper.invokeMethod(MethodInvocationHelper.java:124)
	at org.testng.internal.Invoker.invokeMethod(Invoker.java:583)
	at org.testng.internal.Invoker.invokeTestMethod(Invoker.java:719)
	at org.testng.internal.Invoker.invokeTestMethods(Invoker.java:989)
	at org.testng.internal.TestMethodWorker.invokeTestMethods(TestMethodWorker.java:125)
	at org.testng.internal.TestMethodWorker.run(TestMethodWorker.java:109)
	at org.testng.TestRunner.privateRun(TestRunner.java:648)
	at org.testng.TestRunner.run(TestRunner.java:505)
	at org.testng.SuiteRunner.runTest(SuiteRunner.java:455)
	at org.testng.SuiteRunner.runSequentially(SuiteRunner.java:450)
	at org.testng.SuiteRunner.privateRun(SuiteRunner.java:415)
	at org.testng.SuiteRunner.run(SuiteRunner.java:364)
	at org.testng.SuiteRunnerWorker.runSuite(SuiteRunnerWorker.java:52)
	at org.testng.SuiteRunnerWorker.run(SuiteRunnerWorker.java:84)
	at org.testng.TestNG.runSuitesSequentially(TestNG.java:1208)
	at org.testng.TestNG.runSuitesLocally(TestNG.java:1137)
	at org.testng.TestNG.runSuites(TestNG.java:1049)
	at org.testng.TestNG.run(TestNG.java:1017)
	at org.apache.maven.surefire.testng.TestNGExecutor.run(TestNGExecutor.java:283)
	at org.apache.maven.surefire.testng.TestNGXmlTestSuite.execute(TestNGXmlTestSuite.java:75)
	at org.apache.maven.surefire.testng.TestNGProvider.invoke(TestNGProvider.java:120)
	at org.apache.maven.surefire.booter.ForkedBooter.invokeProviderInSameClassLoader(ForkedBooter.java:379)
	at org.apache.maven.surefire.booter.ForkedBooter.runSuitesInProcess(ForkedBooter.java:340)
	at org.apache.maven.surefire.booter.ForkedBooter.execute(ForkedBooter.java:125)
	at org.apache.maven.surefire.booter.ForkedBooter.main(ForkedBooter.java:413)
]]></system-err>
  </testcase>
</testsuite>